19:58:17 - INFO - Logs de run - Iniciando prueba de login con usuario: standard_user, debe_funcionar: True
19:58:20 - INFO - Logs de run - Verificando redirecci贸n al inventario
19:58:20 - INFO - Logs de run - Login exitoso, redirigido al inventario
19:58:35 - INFO - Logs de run - Iniciando prueba de login con usuario: admin, debe_funcionar: False
2025 -11 -27 H:23:09 - INFO - Logs de run - Iniciando prueba de login con usuario: standard_user, debe_funcionar: True
2025 -11 -27 H:23:13 - INFO - Logs de run - Verificando redirecci贸n al inventario
2025 -11 -27 H:23:13 - INFO - Logs de run - Login exitoso, redirigido al inventario
2025 -11 -27 H:23:23 - INFO - Logs de run - Iniciando prueba de login con usuario: admin, debe_funcionar: False
2025 -11 -27 H:26:06 - INFO - Logs de run - Iniciando prueba de login con usuario: standard_user, debe_funcionar: True
2025 -11 -27 H:26:07 - INFO - Logs de run - Verificando redirecci贸n al inventario
2025 -11 -27 H:26:07 - INFO - Logs de run - Login exitoso, redirigido al inventario
2025 -11 -27 H:26:15 - INFO - Logs de run - Iniciando prueba de login con usuario: admin, debe_funcionar: False
2025 -11 -27 H:34:29 - INFO - Logs de run - Iniciando prueba de login con usuario: standard_user, debe_funcionar: True
2025 -11 -27 H:34:31 - INFO - Logs de run - Verificando redirecci贸n al inventario
2025 -11 -27 H:34:31 - INFO - Logs de run - Login exitoso, redirigido al inventario
2025 -11 -27 H:34:37 - INFO - Logs de run - Iniciando prueba de login con usuario: admin, debe_funcionar: False
2025 -11 -27 H:53:20 - INFO - Logs de run - Iniciando prueba de login con usuario: standard_user, debe_funcionar: True
2025 -11 -27 H:53:21 - INFO - Logs de run - Verificando redirecci贸n al inventario
2025 -11 -27 H:53:21 - INFO - Logs de run - Login exitoso, redirigido al inventario
2025 -11 -27 H:53:28 - INFO - Logs de run - Iniciando prueba de login con usuario: admin, debe_funcionar: False
2025 -11 -27 H:57:30 - INFO - Logs de run - Iniciando prueba de login con usuario: standard_user, debe_funcionar: True
2025 -11 -27 H:57:32 - INFO - Logs de run - Verificando redirecci贸n al inventario
2025 -11 -27 H:57:32 - INFO - Logs de run - Login exitoso, redirigido al inventario
2025 -11 -27 H:57:41 - INFO - Logs de run - Iniciando prueba de login con usuario: admin, debe_funcionar: False
2025 -11 -27 H:05:14 - INFO - Logs de run - Iniciando prueba de login con usuario: standard_user, debe_funcionar: True
2025 -11 -27 H:05:16 - INFO - Logs de run - Verificando redirecci贸n al inventario
2025 -11 -27 H:05:16 - INFO - Logs de run - Login exitoso, redirigido al inventario
2025 -11 -27 H:05:24 - INFO - Logs de run - Iniciando prueba de login con usuario: admin, debe_funcionar: False
2025 -11 -27 H:08:40 - INFO - Logs de run - Solicitud GET a https://reqres.in/api/users/2
2025 -11 -27 H:08:44 - INFO - Logs de run - Respuesta recibida: 200
2025 -11 -27 H:08:44 - INFO - Logs de run - Datos del usuario: {'data': {'id': 2, 'email': 'janet.weaver@reqres.in', 'first_name': 'Janet', 'last_name': 'Weaver', 'avatar': 'https://reqres.in/img/faces/2-image.jpg'}, 'support': {'url': 'https://contentcaddy.io?utm_source=reqres&utm_medium=json&utm_campaign=referral', 'text': 'Tired of writing endless social media content? Let Content Caddy generate it for you.'}, '_meta': {'powered_by': ' ReqRes - Deploy backends in 30 seconds', 'upgrade_url': 'https://app.reqres.in/upgrade', 'docs_url': 'https://reqres.in', 'template_gallery': 'https://app.reqres.in/templates', 'message': 'This API is powered by ReqRes. Deploy your own backend in 30 seconds!', 'features': ['30 Second Backend Templates', 'Custom API Endpoints', 'Data Persistence', 'Real-time Analytics'], 'upgrade_cta': 'Upgrade to Pro for unlimited requests, custom endpoints, and data persistence'}}
2025 -11 -27 H:08:46 - INFO - Logs de run - Solicitud DELETE a https://reqres.in/api/users
2025 -11 -27 H:11:53 - INFO - Logs de run - Iniciando prueba de login con usuario: standard_user, debe_funcionar: True
2025 -11 -27 H:11:54 - INFO - Logs de run - Verificando redirecci贸n al inventario
2025 -11 -27 H:11:54 - INFO - Logs de run - Login exitoso, redirigido al inventario
2025 -11 -27 H:12:03 - INFO - Logs de run - Iniciando prueba de login con usuario: admin, debe_funcionar: False
2025 -11 -27 H:14:49 - INFO - Logs de run - Solicitud GET a https://reqres.in/api/users/2
2025 -11 -27 H:14:51 - INFO - Logs de run - Respuesta recibida: 200
2025 -11 -27 H:14:51 - INFO - Logs de run - Datos del usuario: {'data': {'id': 2, 'email': 'janet.weaver@reqres.in', 'first_name': 'Janet', 'last_name': 'Weaver', 'avatar': 'https://reqres.in/img/faces/2-image.jpg'}, 'support': {'url': 'https://contentcaddy.io?utm_source=reqres&utm_medium=json&utm_campaign=referral', 'text': 'Tired of writing endless social media content? Let Content Caddy generate it for you.'}, '_meta': {'powered_by': ' ReqRes - Deploy backends in 30 seconds', 'upgrade_url': 'https://app.reqres.in/upgrade', 'docs_url': 'https://reqres.in', 'template_gallery': 'https://app.reqres.in/templates', 'message': 'This API is powered by ReqRes. Deploy your own backend in 30 seconds!', 'features': ['30 Second Backend Templates', 'Custom API Endpoints', 'Data Persistence', 'Real-time Analytics'], 'upgrade_cta': 'Upgrade to Pro for unlimited requests, custom endpoints, and data persistence'}}
2025 -11 -27 H:14:52 - INFO - Logs de run - Solicitud DELETE a https://reqres.in/api/users
2025 -12 -03 H:01:37 - INFO - Logs de run - Iniciando prueba de login con usuario: standard_user, debe_funcionar: True
2025 -12 -03 H:01:47 - INFO - Logs de run - Iniciando prueba de login con usuario: admin, debe_funcionar: False
2025 -12 -03 H:02:16 - ERROR - Logs de run - Error en test_inventory: 'LoginPage' object has no attribute 'find_element'
2025 -12 -03 H:02:22 - ERROR - Logs de run - Error en test_cart: 'LoginPage' object has no attribute 'login'
2025 -12 -03 H:04:08 - ERROR - Logs de run - Error en test_cart: 'LoginPage' object has no attribute 'login'
2025 -12 -03 H:05:02 - ERROR - Logs de run - Error en test_cart: 'LoginPage' object has no attribute 'login'
2025 -12 -03 H:08:34 - INFO - Logs de run - Iniciando prueba de login con usuario: standard_user, debe_funcionar: True
2025 -12 -03 H:08:41 - INFO - Logs de run - Iniciando prueba de login con usuario: admin, debe_funcionar: False
2025 -12 -03 H:23:54 - INFO - Logs de run - Solicitud GET a https://reqres.in/api/users/2
2025 -12 -03 H:23:57 - INFO - Logs de run - Respuesta recibida: 401
2025 -12 -03 H:23:59 - INFO - Logs de run - Respuesta recibida: 401
2025 -12 -03 H:23:59 - INFO - Logs de run - Solicitud DELETE a https://reqres.in/api/users
2025 -12 -03 H:24:01 - INFO - Logs de run - Respuesta recibida: 401
2025 -12 -03 H:39:05 - ERROR - Logs de run - Error en test_cart: 'LoginPage' object has no attribute 'login'
2025 -12 -03 H:53:59 - ERROR - Logs de run - Error en test_cart: 'LoginPage' object has no attribute 'login'
2025 -12 -03 H:54:44 - ERROR - Logs de run - Error en test_cart: 'LoginPage' object has no attribute 'login'
2025 -12 -04 H:56:38 - INFO - Logs de run - Producto agregado al carrito
2025 -12 -04 H:57:31 - INFO - Logs de run - Producto agregado al carrito
2025 -12 -04 H:00:58 - INFO - Logs de run - Verificando elementos en la p谩gina de inventario
2025 -12 -04 H:00:58 - INFO - Logs de run - Verificando el conteo del carrito
2025 -12 -04 H:01:09 - ERROR - Logs de run - Error en test_inventory: assert 0 == 20
 +  where 0 = obtener_conteo_carrito()
 +    where obtener_conteo_carrito = <pages.inventory_page.InventoryPage object at 0x0000019E050B16A0>.obtener_conteo_carrito
2025 -12 -04 H:03:04 - INFO - Logs de run - Verificando elementos en la p谩gina de inventario
2025 -12 -04 H:03:04 - INFO - Logs de run - Verificando el conteo del carrito
2025 -12 -04 H:03:14 - ERROR - Logs de run - Error en test_inventory: assert 0 == 20
 +  where 0 = obtener_conteo_carrito()
 +    where obtener_conteo_carrito = <pages.inventory_page.InventoryPage object at 0x000001F3FA3516A0>.obtener_conteo_carrito
2025 -12 -04 H:04:52 - INFO - Logs de run - Login fallido con usuario: jennifer26, mensaje de error: Epic sadface: Username and password do not match any user in this service
2025 -12 -04 H:04:59 - INFO - Logs de run - Login fallido con usuario: beangrant, mensaje de error: Epic sadface: Username and password do not match any user in this service
2025 -12 -04 H:05:52 - INFO - Logs de run - Login fallido con usuario: martinezmichael, mensaje de error: Epic sadface: Username and password do not match any user in this service
2025 -12 -04 H:05:59 - INFO - Logs de run - Login fallido con usuario: griffinpreston, mensaje de error: Epic sadface: Username and password do not match any user in this service
2025 -12 -04 H:21:24 - INFO - Logs de run - Iniciando prueba de login con usuario: standard_user, debe_funcionar: True
2025 -12 -04 H:21:25 - INFO - Logs de run - Verificando redirecci贸n al inventario
2025 -12 -04 H:21:25 - INFO - Logs de run - URL actual despu茅s del login: https://www.saucedemo.com/inventory.html
2025 -12 -04 H:21:25 - INFO - Logs de run - Login exitoso, redirigido al inventario
2025 -12 -04 H:21:31 - INFO - Logs de run - Iniciando prueba de login con usuario: admin, debe_funcionar: False
2025 -12 -04 H:21:33 - INFO - Logs de run - Verificando mensaje de error: Epic sadface: Username and password do not match any user in this service
2025 -12 -04 H:21:42 - INFO - Logs de run - Login fallido con usuario: valvarez, mensaje de error: Epic sadface: Username and password do not match any user in this service
2025 -12 -04 H:21:52 - INFO - Logs de run - Login fallido con usuario: egray, mensaje de error: Epic sadface: Username and password do not match any user in this service
2025 -12 -04 H:22:00 - INFO - Logs de run - Verificando elementos en la p谩gina de inventario
2025 -12 -04 H:22:00 - INFO - Logs de run - Verificando el conteo del carrito
2025 -12 -04 H:22:10 - ERROR - Logs de run - Error en test_inventory: assert 0 == 20
 +  where 0 = obtener_conteo_carrito()
 +    where obtener_conteo_carrito = <pages.inventory_page.InventoryPage object at 0x0000019F5393AE40>.obtener_conteo_carrito
2025 -12 -04 H:22:21 - INFO - Logs de run - Productos en el carrito: [<selenium.webdriver.remote.webelement.WebElement (session="d7e44310f60bd5281bdc12d0fbec02d3", element="f.A64B563952987EF977EF043F326C0862.d.46CF4D65F208FA0440FAD2B08E539085.e.27")>]
2025 -12 -04 H:22:30 - INFO - Logs de run - Producto agregado al carrito
2025 -12 -04 H:22:41 - INFO - Logs de run - Verificando que el producto Sauce Labs Backpack est茅 en el carrito
2025 -12 -04 H:23:06 - INFO - Logs de run - Verificando que el producto Sauce Labs Bike Light est茅 en el carrito
2025 -12 -04 H:23:31 - INFO - Logs de run - Verificando que el producto Sauce Labs Bolt T-Shirt est茅 en el carrito
2025 -12 -04 H:23:50 - INFO - Logs de run - Solicitud GET a https://reqres.in/api/users/2
2025 -12 -04 H:23:53 - INFO - Logs de run - Respuesta recibida: 401
2025 -12 -04 H:23:55 - INFO - Logs de run - Respuesta recibida: 401
2025 -12 -04 H:23:55 - INFO - Logs de run - Solicitud DELETE a https://reqres.in/api/users
2025 -12 -04 H:23:57 - INFO - Logs de run - Respuesta recibida: 401
